<?xml version="1.0" encoding="UTF-8"?>
<testng-results skipped="0" failed="0" total="1" passed="1">
  <reporter-output>
  </reporter-output>
  <suite name="maven123.Test1234" duration-ms="34" started-at="2019-06-18T06:29:29Z" finished-at="2019-06-18T06:29:29Z">
    <groups>
    </groups>
    <test name="Command line test" duration-ms="34" started-at="2019-06-18T06:29:29Z" finished-at="2019-06-18T06:29:29Z">
      <class name="maven123.Test1234">
        <test-method status="PASS" signature="m1()[pri:0, instance:maven123.Test1234@57829d67]" name="m1" duration-ms="14" started-at="2019-06-18T11:59:29Z" finished-at="2019-06-18T11:59:29Z">
          <reporter-output>
          </reporter-output>
        </test-method> <!-- m1 -->
      </class> <!-- maven123.Test1234 -->
    </test> <!-- Command line test -->
  </suite> <!-- maven123.Test1234 -->
</testng-results>
