<?xml version="1.0" encoding="UTF-8"?>
<testng-results skipped="0" failed="0" total="2" passed="2">
  <reporter-output>
  </reporter-output>
  <suite name="Suite" duration-ms="31" started-at="2019-06-20T05:10:51Z" finished-at="2019-06-20T05:10:51Z">
    <groups>
    </groups>
    <test name="Test" duration-ms="31" started-at="2019-06-20T05:10:51Z" finished-at="2019-06-20T05:10:51Z">
      <class name="maven123.Test1234">
        <test-method status="PASS" signature="m1()[pri:0, instance:maven123.Test1234@38082d64]" name="m1" duration-ms="16" started-at="2019-06-20T10:40:51Z" finished-at="2019-06-20T10:40:51Z">
          <reporter-output>
          </reporter-output>
        </test-method> <!-- m1 -->
      </class> <!-- maven123.Test1234 -->
      <class name="maven123.Test12345">
        <test-method status="PASS" signature="ask()[pri:0, instance:maven123.Test12345@26ba2a48]" name="ask" duration-ms="0" started-at="2019-06-20T10:40:51Z" finished-at="2019-06-20T10:40:51Z">
          <reporter-output>
          </reporter-output>
        </test-method> <!-- ask -->
      </class> <!-- maven123.Test12345 -->
    </test> <!-- Test -->
  </suite> <!-- Suite -->
</testng-results>
