<?xml version="1.0" encoding="UTF-8"?>
<testng-results skipped="0" failed="0" total="1" passed="1">
  <reporter-output>
  </reporter-output>
  <suite name="Default suite" duration-ms="39" started-at="2019-06-18T04:53:34Z" finished-at="2019-06-18T04:53:34Z">
    <groups>
    </groups>
    <test name="Default test" duration-ms="39" started-at="2019-06-18T04:53:34Z" finished-at="2019-06-18T04:53:34Z">
      <class name="maven12.Test124">
        <test-method status="PASS" signature="m1()[pri:0, instance:maven12.Test124@396a51ab]" name="m1" duration-ms="17" started-at="2019-06-18T10:23:34Z" finished-at="2019-06-18T10:23:34Z">
          <reporter-output>
          </reporter-output>
        </test-method> <!-- m1 -->
      </class> <!-- maven12.Test124 -->
    </test> <!-- Default test -->
  </suite> <!-- Default suite -->
</testng-results>
